Hmm ... looks like a package
Converting parsed Rd's to LaTeX 
Creating pdf output from LaTeX ...
This is pdfTeX, Version 3.141592653-2.6-1.40.26 (TeX Live 2024) (preloaded format=pdflatex)
 restricted \write18 enabled.
entering extended mode
(./Rd2.tex
LaTeX2e <2024-06-01> patch level 2
L3 programming layer <2024-05-27>

(c:/texlive/2024/texmf-dist/tex/latex/base/book.cls
Document Class: book 2024/02/08 v1.4n Standard LaTeX document class
(c:/texlive/2024/texmf-dist/tex/latex/base/bk10.clo))
(c:/Program Files/R/R-devel/share/texmf/tex/latex/Rd.sty
(c:/texlive/2024/texmf-dist/tex/latex/base/ifthen.sty)
(c:/texlive/2024/texmf-dist/tex/generic/iftex/iftex.sty)
(c:/texlive/2024/texmf-dist/tex/latex/tools/longtable.sty)
(c:/texlive/2024/texmf-dist/tex/latex/tools/bm.sty)
(c:/texlive/2024/texmf-dist/tex/latex/base/alltt.sty)
(c:/texlive/2024/texmf-dist/tex/latex/tools/verbatim.sty)
(c:/texlive/2024/texmf-dist/tex/latex/url/url.sty)
(c:/texlive/2024/texmf-dist/tex/latex/base/textcomp.sty)
(c:/texlive/2024/texmf-dist/tex/latex/amsmath/amsmath.sty
For additional information on amsmath, use the `?' option.
(c:/texlive/2024/texmf-dist/tex/latex/amsmath/amstext.sty
(c:/texlive/2024/texmf-dist/tex/latex/amsmath/amsgen.sty))
(c:/texlive/2024/texmf-dist/tex/latex/amsmath/amsbsy.sty)
(c:/texlive/2024/texmf-dist/tex/latex/amsmath/amsopn.sty))
(c:/texlive/2024/texmf-dist/tex/latex/amsfonts/amsfonts.sty)
(c:/texlive/2024/texmf-dist/tex/latex/amsfonts/amssymb.sty)
(c:/texlive/2024/texmf-dist/tex/latex/jknapltx/mathrsfs.sty)
(c:/texlive/2024/texmf-dist/tex/latex/base/fontenc.sty)
(c:/texlive/2024/texmf-dist/tex/latex/psnfss/times.sty)
(c:/texlive/2024/texmf-dist/tex/latex/inconsolata/zi4.sty
`inconsolata-zi4' v1.12, 2019/05/17 Text macros for Inconsolata (msharpe)
(c:/texlive/2024/texmf-dist/tex/latex/xkeyval/xkeyval.sty
(c:/texlive/2024/texmf-dist/tex/generic/xkeyval/xkeyval.tex
(c:/texlive/2024/texmf-dist/tex/generic/xkeyval/xkvutils.tex
(c:/texlive/2024/texmf-dist/tex/generic/xkeyval/keyval.tex)))))
(c:/texlive/2024/texmf-dist/tex/latex/graphics/color.sty
(c:/texlive/2024/texmf-dist/tex/latex/graphics-cfg/color.cfg)
(c:/texlive/2024/texmf-dist/tex/latex/graphics-def/pdftex.def)
(c:/texlive/2024/texmf-dist/tex/latex/graphics/mathcolor.ltx))
(c:/texlive/2024/texmf-dist/tex/latex/hyperref/hyperref.sty
(c:/texlive/2024/texmf-dist/tex/latex/kvsetkeys/kvsetkeys.sty)
(c:/texlive/2024/texmf-dist/tex/generic/kvdefinekeys/kvdefinekeys.sty)
(c:/texlive/2024/texmf-dist/tex/generic/pdfescape/pdfescape.sty
(c:/texlive/2024/texmf-dist/tex/generic/ltxcmds/ltxcmds.sty)
(c:/texlive/2024/texmf-dist/tex/generic/pdftexcmds/pdftexcmds.sty
(c:/texlive/2024/texmf-dist/tex/generic/infwarerr/infwarerr.sty)))
(c:/texlive/2024/texmf-dist/tex/latex/hycolor/hycolor.sty)
(c:/texlive/2024/texmf-dist/tex/latex/hyperref/nameref.sty
(c:/texlive/2024/texmf-dist/tex/latex/refcount/refcount.sty)
(c:/texlive/2024/texmf-dist/tex/generic/gettitlestring/gettitlestring.sty
(c:/texlive/2024/texmf-dist/tex/latex/kvoptions/kvoptions.sty)))
(c:/texlive/2024/texmf-dist/tex/latex/etoolbox/etoolbox.sty)
(c:/texlive/2024/texmf-dist/tex/generic/stringenc/stringenc.sty)
(c:/texlive/2024/texmf-dist/tex/latex/hyperref/pd1enc.def)
(c:/texlive/2024/texmf-dist/tex/generic/intcalc/intcalc.sty)
(c:/texlive/2024/texmf-dist/tex/latex/hyperref/puenc.def)
(c:/texlive/2024/texmf-dist/tex/generic/bitset/bitset.sty
(c:/texlive/2024/texmf-dist/tex/generic/bigintcalc/bigintcalc.sty))
(c:/texlive/2024/texmf-dist/tex/latex/base/atbegshi-ltx.sty))
(c:/texlive/2024/texmf-dist/tex/latex/hyperref/hpdftex.def
(c:/texlive/2024/texmf-dist/tex/latex/base/atveryend-ltx.sty)
(c:/texlive/2024/texmf-dist/tex/latex/rerunfilecheck/rerunfilecheck.sty
(c:/texlive/2024/texmf-dist/tex/generic/uniquecounter/uniquecounter.sty))))
(c:/texlive/2024/texmf-dist/tex/latex/base/makeidx.sty)
Writing index file Rd2.idx
(c:/texlive/2024/texmf-dist/tex/latex/psnfss/t1ptm.fd)
(c:/texlive/2024/texmf-dist/tex/latex/l3backend/l3backend-pdftex.def)
No file Rd2.aux.
(c:/texlive/2024/texmf-dist/tex/context/base/mkii/supp-pdf.mkii
[Loading MPS to PDF converter (version 2006.09.02).]
) (c:/texlive/2024/texmf-dist/tex/latex/inconsolata/t1zi4.fd)
No file Rd2.toc.
(c:/texlive/2024/texmf-dist/tex/latex/amsfonts/umsa.fd)
(c:/texlive/2024/texmf-dist/tex/latex/amsfonts/umsb.fd)
(c:/texlive/2024/texmf-dist/tex/latex/jknapltx/ursfs.fd)
(c:/texlive/2024/texmf-dist/tex/latex/psnfss/ts1ptm.fd)
[1{c:/texlive/2024/texmf-var/fonts/map/pdftex/updmap/pdftex.map}{c:/texlive/202
4/texmf-dist/fonts/enc/dvips/base/8r.enc}{c:/texlive/2024/texmf-dist/fonts/enc/
dvips/inconsolata/i4-t1-0.enc}]
Overfull \hbox (51.29814pt too wide) in paragraph at lines 89--91
[]\T1/ptm/m/n/10 The model to use for fill-in-the-middle. De-faults to the valu
e of the []\T1/zi4/m/n/10 R_CODESTRAL_FIM_MODEL

Overfull \hbox (63.97823pt too wide) in paragraph at lines 92--94
[]\T1/ptm/m/n/10 The model to use for chat with Code-stral. De-faults to the va
lue of the []\T1/zi4/m/n/10 R_CODESTRAL_CHAT_MODEL

Overfull \hbox (36.19846pt too wide) in paragraph at lines 95--97
[]\T1/ptm/m/n/10 The model to use for chat with Mamba. De-faults to the value o
f the []\T1/zi4/m/n/10 R_MAMBA_CHAT_MODEL

Overfull \hbox (62.51973pt too wide) in paragraph at lines 101--105
\T1/ptm/m/n/10 De-faults to the value of the \T1/zi4/m/n/10 R_CODESTRAL_MAX_TOK
ENS_FIM, R_CODESTRAL_MAX_TOKENS_CHAT

Overfull \hbox (3.839pt too wide) in paragraph at lines 106--108
[]\T1/ptm/m/n/10 The role con-tent to use. De-faults to the value of the []\T1/
zi4/m/n/10 R_CODESTRAL_ROLE_CONTENT

[2]
[3]
[4]
Overfull \hbox (1.0777pt too wide) in paragraph at lines 247--248
[]\T1/ptm/m/n/10 If []\T1/zi4/m/n/10 anyFile[i] []\T1/ptm/m/n/10 is []\T1/zi4/m
/n/10 TRUE []\T1/ptm/m/n/10 then the se-quence of char-ac-ters fol-low-ing the 
in-struc-tion []\T1/zi4/m/n/10 "ff:" []\T1/ptm/m/n/10 in []\T1/zi4/m/n/10 promp
t[i]
No file Rd2.ind.

[5] (./Rd2.aux)

Package rerunfilecheck Warning: File `Rd2.out' has changed.
(rerunfilecheck)                Rerun to get outlines right
(rerunfilecheck)                or use package `bookmark'.

 )
(see the transcript file for additional information)<c:/texlive/2024/texmf-dist
/fonts/type1/public/inconsolata/Inconsolata-zi4r.pfb><c:/texlive/2024/texmf-dis
t/fonts/type1/urw/times/utmb8a.pfb><c:/texlive/2024/texmf-dist/fonts/type1/urw/
times/utmr8a.pfb><c:/texlive/2024/texmf-dist/fonts/type1/urw/times/utmr8a.pfb><
c:/texlive/2024/texmf-dist/fonts/type1/urw/times/utmri8a.pfb>
Output written on Rd2.pdf (5 pages, 82649 bytes).
Transcript written on Rd2.log.
This is makeindex, version 2.17 [TeX Live 2024] (kpathsea + Thai support).
Scanning input file Rd2.idx....done (10 entries accepted, 0 rejected).
Sorting entries....done (32 comparisons).
Generating output file Rd2.ind....done (25 lines written, 0 warnings).
Output written in Rd2.ind.
Transcript written in Rd2.ilg.
This is pdfTeX, Version 3.141592653-2.6-1.40.26 (TeX Live 2024) (preloaded format=pdflatex)
 restricted \write18 enabled.
entering extended mode
(./Rd2.tex
LaTeX2e <2024-06-01> patch level 2
L3 programming layer <2024-05-27>

(c:/texlive/2024/texmf-dist/tex/latex/base/book.cls
Document Class: book 2024/02/08 v1.4n Standard LaTeX document class
(c:/texlive/2024/texmf-dist/tex/latex/base/bk10.clo))
(c:/Program Files/R/R-devel/share/texmf/tex/latex/Rd.sty
(c:/texlive/2024/texmf-dist/tex/latex/base/ifthen.sty)
(c:/texlive/2024/texmf-dist/tex/generic/iftex/iftex.sty)
(c:/texlive/2024/texmf-dist/tex/latex/tools/longtable.sty)
(c:/texlive/2024/texmf-dist/tex/latex/tools/bm.sty)
(c:/texlive/2024/texmf-dist/tex/latex/base/alltt.sty)
(c:/texlive/2024/texmf-dist/tex/latex/tools/verbatim.sty)
(c:/texlive/2024/texmf-dist/tex/latex/url/url.sty)
(c:/texlive/2024/texmf-dist/tex/latex/base/textcomp.sty)
(c:/texlive/2024/texmf-dist/tex/latex/amsmath/amsmath.sty
For additional information on amsmath, use the `?' option.
(c:/texlive/2024/texmf-dist/tex/latex/amsmath/amstext.sty
(c:/texlive/2024/texmf-dist/tex/latex/amsmath/amsgen.sty))
(c:/texlive/2024/texmf-dist/tex/latex/amsmath/amsbsy.sty)
(c:/texlive/2024/texmf-dist/tex/latex/amsmath/amsopn.sty))
(c:/texlive/2024/texmf-dist/tex/latex/amsfonts/amsfonts.sty)
(c:/texlive/2024/texmf-dist/tex/latex/amsfonts/amssymb.sty)
(c:/texlive/2024/texmf-dist/tex/latex/jknapltx/mathrsfs.sty)
(c:/texlive/2024/texmf-dist/tex/latex/base/fontenc.sty)
(c:/texlive/2024/texmf-dist/tex/latex/psnfss/times.sty)
(c:/texlive/2024/texmf-dist/tex/latex/inconsolata/zi4.sty
`inconsolata-zi4' v1.12, 2019/05/17 Text macros for Inconsolata (msharpe)
(c:/texlive/2024/texmf-dist/tex/latex/xkeyval/xkeyval.sty
(c:/texlive/2024/texmf-dist/tex/generic/xkeyval/xkeyval.tex
(c:/texlive/2024/texmf-dist/tex/generic/xkeyval/xkvutils.tex
(c:/texlive/2024/texmf-dist/tex/generic/xkeyval/keyval.tex)))))
(c:/texlive/2024/texmf-dist/tex/latex/graphics/color.sty
(c:/texlive/2024/texmf-dist/tex/latex/graphics-cfg/color.cfg)
(c:/texlive/2024/texmf-dist/tex/latex/graphics-def/pdftex.def)
(c:/texlive/2024/texmf-dist/tex/latex/graphics/mathcolor.ltx))
(c:/texlive/2024/texmf-dist/tex/latex/hyperref/hyperref.sty
(c:/texlive/2024/texmf-dist/tex/latex/kvsetkeys/kvsetkeys.sty)
(c:/texlive/2024/texmf-dist/tex/generic/kvdefinekeys/kvdefinekeys.sty)
(c:/texlive/2024/texmf-dist/tex/generic/pdfescape/pdfescape.sty
(c:/texlive/2024/texmf-dist/tex/generic/ltxcmds/ltxcmds.sty)
(c:/texlive/2024/texmf-dist/tex/generic/pdftexcmds/pdftexcmds.sty
(c:/texlive/2024/texmf-dist/tex/generic/infwarerr/infwarerr.sty)))
(c:/texlive/2024/texmf-dist/tex/latex/hycolor/hycolor.sty)
(c:/texlive/2024/texmf-dist/tex/latex/hyperref/nameref.sty
(c:/texlive/2024/texmf-dist/tex/latex/refcount/refcount.sty)
(c:/texlive/2024/texmf-dist/tex/generic/gettitlestring/gettitlestring.sty
(c:/texlive/2024/texmf-dist/tex/latex/kvoptions/kvoptions.sty)))
(c:/texlive/2024/texmf-dist/tex/latex/etoolbox/etoolbox.sty)
(c:/texlive/2024/texmf-dist/tex/generic/stringenc/stringenc.sty)
(c:/texlive/2024/texmf-dist/tex/latex/hyperref/pd1enc.def)
(c:/texlive/2024/texmf-dist/tex/generic/intcalc/intcalc.sty)
(c:/texlive/2024/texmf-dist/tex/latex/hyperref/puenc.def)
(c:/texlive/2024/texmf-dist/tex/generic/bitset/bitset.sty
(c:/texlive/2024/texmf-dist/tex/generic/bigintcalc/bigintcalc.sty))
(c:/texlive/2024/texmf-dist/tex/latex/base/atbegshi-ltx.sty))
(c:/texlive/2024/texmf-dist/tex/latex/hyperref/hpdftex.def
(c:/texlive/2024/texmf-dist/tex/latex/base/atveryend-ltx.sty)
(c:/texlive/2024/texmf-dist/tex/latex/rerunfilecheck/rerunfilecheck.sty
(c:/texlive/2024/texmf-dist/tex/generic/uniquecounter/uniquecounter.sty))))
(c:/texlive/2024/texmf-dist/tex/latex/base/makeidx.sty)
Writing index file Rd2.idx
(c:/texlive/2024/texmf-dist/tex/latex/psnfss/t1ptm.fd)
(c:/texlive/2024/texmf-dist/tex/latex/l3backend/l3backend-pdftex.def)
(./Rd2.aux) (c:/texlive/2024/texmf-dist/tex/context/base/mkii/supp-pdf.mkii
[Loading MPS to PDF converter (version 2006.09.02).]
) (./Rd2.out) (./Rd2.out)
(c:/texlive/2024/texmf-dist/tex/latex/inconsolata/t1zi4.fd) (./Rd2.toc
(c:/texlive/2024/texmf-dist/tex/latex/amsfonts/umsa.fd)
(c:/texlive/2024/texmf-dist/tex/latex/amsfonts/umsb.fd)
(c:/texlive/2024/texmf-dist/tex/latex/jknapltx/ursfs.fd))
[1{c:/texlive/2024/texmf-var/fonts/map/pdftex/updmap/pdftex.map}{c:/texlive/202
4/texmf-dist/fonts/enc/dvips/base/8r.enc}{c:/texlive/2024/texmf-dist/fonts/enc/
dvips/inconsolata/i4-t1-0.enc}]
(c:/texlive/2024/texmf-dist/tex/latex/psnfss/ts1ptm.fd)
Overfull \hbox (51.29814pt too wide) in paragraph at lines 89--91
[]\T1/ptm/m/n/10 The model to use for fill-in-the-middle. De-faults to the valu
e of the []\T1/zi4/m/n/10 R_CODESTRAL_FIM_MODEL

Overfull \hbox (63.97823pt too wide) in paragraph at lines 92--94
[]\T1/ptm/m/n/10 The model to use for chat with Code-stral. De-faults to the va
lue of the []\T1/zi4/m/n/10 R_CODESTRAL_CHAT_MODEL

Overfull \hbox (36.19846pt too wide) in paragraph at lines 95--97
[]\T1/ptm/m/n/10 The model to use for chat with Mamba. De-faults to the value o
f the []\T1/zi4/m/n/10 R_MAMBA_CHAT_MODEL

[2]
Overfull \hbox (62.51973pt too wide) in paragraph at lines 101--105
\T1/ptm/m/n/10 De-faults to the value of the \T1/zi4/m/n/10 R_CODESTRAL_MAX_TOK
ENS_FIM, R_CODESTRAL_MAX_TOKENS_CHAT

Overfull \hbox (3.839pt too wide) in paragraph at lines 106--108
[]\T1/ptm/m/n/10 The role con-tent to use. De-faults to the value of the []\T1/
zi4/m/n/10 R_CODESTRAL_ROLE_CONTENT

[3]
[4]
Overfull \hbox (1.0777pt too wide) in paragraph at lines 247--248
[]\T1/ptm/m/n/10 If []\T1/zi4/m/n/10 anyFile[i] []\T1/ptm/m/n/10 is []\T1/zi4/m
/n/10 TRUE []\T1/ptm/m/n/10 then the se-quence of char-ac-ters fol-low-ing the 
in-struc-tion []\T1/zi4/m/n/10 "ff:" []\T1/ptm/m/n/10 in []\T1/zi4/m/n/10 promp
t[i]

[5] (./Rd2.ind
[6]

[7]) (./Rd2.aux)

Package rerunfilecheck Warning: File `Rd2.out' has changed.
(rerunfilecheck)                Rerun to get outlines right
(rerunfilecheck)                or use package `bookmark'.

 )
(see the transcript file for additional information)<c:/texlive/2024/texmf-dist
/fonts/type1/public/inconsolata/Inconsolata-zi4r.pfb><c:/texlive/2024/texmf-dis
t/fonts/type1/public/amsfonts/cm/cmsy10.pfb><c:/texlive/2024/texmf-dist/fonts/t
ype1/urw/times/utmb8a.pfb><c:/texlive/2024/texmf-dist/fonts/type1/urw/times/utm
r8a.pfb><c:/texlive/2024/texmf-dist/fonts/type1/urw/times/utmr8a.pfb><c:/texliv
e/2024/texmf-dist/fonts/type1/urw/times/utmri8a.pfb>
Output written on Rd2.pdf (7 pages, 93823 bytes).
Transcript written on Rd2.log.
This is makeindex, version 2.17 [TeX Live 2024] (kpathsea + Thai support).
Scanning input file Rd2.idx....done (10 entries accepted, 0 rejected).
Sorting entries....done (32 comparisons).
Generating output file Rd2.ind....done (25 lines written, 0 warnings).
Output written in Rd2.ind.
Transcript written in Rd2.ilg.
This is pdfTeX, Version 3.141592653-2.6-1.40.26 (TeX Live 2024) (preloaded format=pdflatex)
 restricted \write18 enabled.
entering extended mode
(./Rd2.tex
LaTeX2e <2024-06-01> patch level 2
L3 programming layer <2024-05-27>

(c:/texlive/2024/texmf-dist/tex/latex/base/book.cls
Document Class: book 2024/02/08 v1.4n Standard LaTeX document class
(c:/texlive/2024/texmf-dist/tex/latex/base/bk10.clo))
(c:/Program Files/R/R-devel/share/texmf/tex/latex/Rd.sty
(c:/texlive/2024/texmf-dist/tex/latex/base/ifthen.sty)
(c:/texlive/2024/texmf-dist/tex/generic/iftex/iftex.sty)
(c:/texlive/2024/texmf-dist/tex/latex/tools/longtable.sty)
(c:/texlive/2024/texmf-dist/tex/latex/tools/bm.sty)
(c:/texlive/2024/texmf-dist/tex/latex/base/alltt.sty)
(c:/texlive/2024/texmf-dist/tex/latex/tools/verbatim.sty)
(c:/texlive/2024/texmf-dist/tex/latex/url/url.sty)
(c:/texlive/2024/texmf-dist/tex/latex/base/textcomp.sty)
(c:/texlive/2024/texmf-dist/tex/latex/amsmath/amsmath.sty
For additional information on amsmath, use the `?' option.
(c:/texlive/2024/texmf-dist/tex/latex/amsmath/amstext.sty
(c:/texlive/2024/texmf-dist/tex/latex/amsmath/amsgen.sty))
(c:/texlive/2024/texmf-dist/tex/latex/amsmath/amsbsy.sty)
(c:/texlive/2024/texmf-dist/tex/latex/amsmath/amsopn.sty))
(c:/texlive/2024/texmf-dist/tex/latex/amsfonts/amsfonts.sty)
(c:/texlive/2024/texmf-dist/tex/latex/amsfonts/amssymb.sty)
(c:/texlive/2024/texmf-dist/tex/latex/jknapltx/mathrsfs.sty)
(c:/texlive/2024/texmf-dist/tex/latex/base/fontenc.sty)
(c:/texlive/2024/texmf-dist/tex/latex/psnfss/times.sty)
(c:/texlive/2024/texmf-dist/tex/latex/inconsolata/zi4.sty
`inconsolata-zi4' v1.12, 2019/05/17 Text macros for Inconsolata (msharpe)
(c:/texlive/2024/texmf-dist/tex/latex/xkeyval/xkeyval.sty
(c:/texlive/2024/texmf-dist/tex/generic/xkeyval/xkeyval.tex
(c:/texlive/2024/texmf-dist/tex/generic/xkeyval/xkvutils.tex
(c:/texlive/2024/texmf-dist/tex/generic/xkeyval/keyval.tex)))))
(c:/texlive/2024/texmf-dist/tex/latex/graphics/color.sty
(c:/texlive/2024/texmf-dist/tex/latex/graphics-cfg/color.cfg)
(c:/texlive/2024/texmf-dist/tex/latex/graphics-def/pdftex.def)
(c:/texlive/2024/texmf-dist/tex/latex/graphics/mathcolor.ltx))
(c:/texlive/2024/texmf-dist/tex/latex/hyperref/hyperref.sty
(c:/texlive/2024/texmf-dist/tex/latex/kvsetkeys/kvsetkeys.sty)
(c:/texlive/2024/texmf-dist/tex/generic/kvdefinekeys/kvdefinekeys.sty)
(c:/texlive/2024/texmf-dist/tex/generic/pdfescape/pdfescape.sty
(c:/texlive/2024/texmf-dist/tex/generic/ltxcmds/ltxcmds.sty)
(c:/texlive/2024/texmf-dist/tex/generic/pdftexcmds/pdftexcmds.sty
(c:/texlive/2024/texmf-dist/tex/generic/infwarerr/infwarerr.sty)))
(c:/texlive/2024/texmf-dist/tex/latex/hycolor/hycolor.sty)
(c:/texlive/2024/texmf-dist/tex/latex/hyperref/nameref.sty
(c:/texlive/2024/texmf-dist/tex/latex/refcount/refcount.sty)
(c:/texlive/2024/texmf-dist/tex/generic/gettitlestring/gettitlestring.sty
(c:/texlive/2024/texmf-dist/tex/latex/kvoptions/kvoptions.sty)))
(c:/texlive/2024/texmf-dist/tex/latex/etoolbox/etoolbox.sty)
(c:/texlive/2024/texmf-dist/tex/generic/stringenc/stringenc.sty)
(c:/texlive/2024/texmf-dist/tex/latex/hyperref/pd1enc.def)
(c:/texlive/2024/texmf-dist/tex/generic/intcalc/intcalc.sty)
(c:/texlive/2024/texmf-dist/tex/latex/hyperref/puenc.def)
(c:/texlive/2024/texmf-dist/tex/generic/bitset/bitset.sty
(c:/texlive/2024/texmf-dist/tex/generic/bigintcalc/bigintcalc.sty))
(c:/texlive/2024/texmf-dist/tex/latex/base/atbegshi-ltx.sty))
(c:/texlive/2024/texmf-dist/tex/latex/hyperref/hpdftex.def
(c:/texlive/2024/texmf-dist/tex/latex/base/atveryend-ltx.sty)
(c:/texlive/2024/texmf-dist/tex/latex/rerunfilecheck/rerunfilecheck.sty
(c:/texlive/2024/texmf-dist/tex/generic/uniquecounter/uniquecounter.sty))))
(c:/texlive/2024/texmf-dist/tex/latex/base/makeidx.sty)
Writing index file Rd2.idx
(c:/texlive/2024/texmf-dist/tex/latex/psnfss/t1ptm.fd)
(c:/texlive/2024/texmf-dist/tex/latex/l3backend/l3backend-pdftex.def)
(./Rd2.aux) (c:/texlive/2024/texmf-dist/tex/context/base/mkii/supp-pdf.mkii
[Loading MPS to PDF converter (version 2006.09.02).]
) (./Rd2.out) (./Rd2.out)
(c:/texlive/2024/texmf-dist/tex/latex/inconsolata/t1zi4.fd) (./Rd2.toc
(c:/texlive/2024/texmf-dist/tex/latex/amsfonts/umsa.fd)
(c:/texlive/2024/texmf-dist/tex/latex/amsfonts/umsb.fd)
(c:/texlive/2024/texmf-dist/tex/latex/jknapltx/ursfs.fd))
[1{c:/texlive/2024/texmf-var/fonts/map/pdftex/updmap/pdftex.map}{c:/texlive/202
4/texmf-dist/fonts/enc/dvips/base/8r.enc}{c:/texlive/2024/texmf-dist/fonts/enc/
dvips/inconsolata/i4-t1-0.enc}]
(c:/texlive/2024/texmf-dist/tex/latex/psnfss/ts1ptm.fd)
Overfull \hbox (51.29814pt too wide) in paragraph at lines 89--91
[]\T1/ptm/m/n/10 The model to use for fill-in-the-middle. De-faults to the valu
e of the []\T1/zi4/m/n/10 R_CODESTRAL_FIM_MODEL

Overfull \hbox (63.97823pt too wide) in paragraph at lines 92--94
[]\T1/ptm/m/n/10 The model to use for chat with Code-stral. De-faults to the va
lue of the []\T1/zi4/m/n/10 R_CODESTRAL_CHAT_MODEL

Overfull \hbox (36.19846pt too wide) in paragraph at lines 95--97
[]\T1/ptm/m/n/10 The model to use for chat with Mamba. De-faults to the value o
f the []\T1/zi4/m/n/10 R_MAMBA_CHAT_MODEL

[2]
Overfull \hbox (62.51973pt too wide) in paragraph at lines 101--105
\T1/ptm/m/n/10 De-faults to the value of the \T1/zi4/m/n/10 R_CODESTRAL_MAX_TOK
ENS_FIM, R_CODESTRAL_MAX_TOKENS_CHAT

Overfull \hbox (3.839pt too wide) in paragraph at lines 106--108
[]\T1/ptm/m/n/10 The role con-tent to use. De-faults to the value of the []\T1/
zi4/m/n/10 R_CODESTRAL_ROLE_CONTENT

[3]
[4]
Overfull \hbox (1.0777pt too wide) in paragraph at lines 247--248
[]\T1/ptm/m/n/10 If []\T1/zi4/m/n/10 anyFile[i] []\T1/ptm/m/n/10 is []\T1/zi4/m
/n/10 TRUE []\T1/ptm/m/n/10 then the se-quence of char-ac-ters fol-low-ing the 
in-struc-tion []\T1/zi4/m/n/10 "ff:" []\T1/ptm/m/n/10 in []\T1/zi4/m/n/10 promp
t[i]

[5] (./Rd2.ind
[6]

[7]) (./Rd2.aux) )
(see the transcript file for additional information)<c:/texlive/2024/texmf-dist
/fonts/type1/public/inconsolata/Inconsolata-zi4r.pfb><c:/texlive/2024/texmf-dis
t/fonts/type1/public/amsfonts/cm/cmsy10.pfb><c:/texlive/2024/texmf-dist/fonts/t
ype1/urw/times/utmb8a.pfb><c:/texlive/2024/texmf-dist/fonts/type1/urw/times/utm
r8a.pfb><c:/texlive/2024/texmf-dist/fonts/type1/urw/times/utmr8a.pfb><c:/texliv
e/2024/texmf-dist/fonts/type1/urw/times/utmri8a.pfb>
Output written on Rd2.pdf (7 pages, 94019 bytes).
Transcript written on Rd2.log.
Saving output to 'codestral-manual.pdf' ...
Done
You may want to clean up by 'rm -Rf C:/Users/Laetitia/AppData/Local/Temp/RtmpaicY2Q/Rd2pdf4f4878328ac'
